<?xml version="1.0" encoding="UTF-8"?>
<!-- Generated by org.testng.reporters.JUnitXMLReporter -->
<testsuite hostname="DESKTOP-84DS5LH" ignored="0" name="Command line test" tests="2" failures="2" timestamp="2020-02-12T00:54:56 EST" time="24.796" errors="0">
  <testcase name="login" time="0.002" classname="com.crm.qa.Testcases.LoginPageTest">
    <failure type="java.lang.NullPointerException">
      <![CDATA[java.lang.NullPointerException
at com.crm.qa.pages.LoginPage.login(LoginPage.java:44)
at com.crm.qa.Testcases.LoginPageTest.login(LoginPageTest.java:35)
at java.util.ArrayList.forEach(Unknown Source)
... Removed 36 stack frames]]>
    </failure>
  </testcase> <!-- login -->
  <testcase name="validateLoginPageTitle" time="0.0" classname="com.crm.qa.Testcases.LoginPageTest">
    <failure type="java.lang.NullPointerException">
      <![CDATA[java.lang.NullPointerException
at com.crm.qa.pages.LoginPage.validateLoginPageTitle(LoginPage.java:36)
at com.crm.qa.Testcases.LoginPageTest.validateLoginPageTitle(LoginPageTest.java:29)
at java.util.ArrayList.forEach(Unknown Source)
... Removed 36 stack frames]]>
    </failure>
  </testcase> <!-- validateLoginPageTitle -->
</testsuite> <!-- Command line test -->
